

============================== 2023-03-31 15:57:42.414866 | e667aa2e-23b9-489b-9696-18efc6687e6d ==============================
[0m15:57:42.414866 [info ] [MainThread]: Running with dbt=1.4.5
[0m15:57:42.416532 [debug] [MainThread]: running dbt with arguments {'write_json': True, 'use_colors': True, 'printer_width': 80, 'version_check': True, 'partial_parse': True, 'static_parser': True, 'profiles_dir': '/home/vscode/.dbt', 'send_anonymous_usage_stats': True, 'quiet': False, 'no_print': False, 'cache_selected_only': False, 'project_name': 'demo-dbt-project', 'skip_profile_setup': False, 'which': 'init', 'indirect_selection': 'eager'}
[0m15:57:42.416834 [debug] [MainThread]: Tracking: tracking
[0m15:57:42.418342 [debug] [MainThread]: Sending event: {'category': 'dbt', 'action': 'invocation', 'label': 'start', 'context': [<snowplow_tracker.self_describing_json.SelfDescribingJson object at 0x7f4b54d77f10>, <snowplow_tracker.self_describing_json.SelfDescribingJson object at 0x7f4b54dcfbb0>, <snowplow_tracker.self_describing_json.SelfDescribingJson object at 0x7f4b54dcfc10>]}
[0m15:57:42.418963 [info ] [MainThread]: Creating dbt configuration folder at /home/vscode/.dbt
[0m15:58:26.558065 [debug] [MainThread]: Starter project path: /home/vscode/.local/lib/python3.10/site-packages/dbt/include/starter_project
[0m16:04:06.317873 [debug] [MainThread]: Sending event: {'category': 'dbt', 'action': 'invocation', 'label': 'end', 'context': [<snowplow_tracker.self_describing_json.SelfDescribingJson object at 0x7f4b52eec280>, <snowplow_tracker.self_describing_json.SelfDescribingJson object at 0x7f4b52eefa90>, <snowplow_tracker.self_describing_json.SelfDescribingJson object at 0x7f4b52eef7f0>]}
[0m16:04:06.318542 [debug] [MainThread]: Flushing usage events
[0m16:04:06.719407 [error] [MainThread]: Encountered an error:

[0m16:04:06.721099 [error] [MainThread]: Traceback (most recent call last):
  File "/home/vscode/.local/lib/python3.10/site-packages/dbt/main.py", line 136, in main
    results, succeeded = handle_and_check(args)
  File "/home/vscode/.local/lib/python3.10/site-packages/dbt/main.py", line 206, in handle_and_check
    task, res = run_from_args(parsed)
  File "/home/vscode/.local/lib/python3.10/site-packages/dbt/main.py", line 253, in run_from_args
    results = task.run()
  File "/home/vscode/.local/lib/python3.10/site-packages/dbt/task/init.py", line 305, in run
    self.create_profile_from_target(adapter, profile_name=project_name)
  File "/home/vscode/.local/lib/python3.10/site-packages/dbt/task/init.py", line 180, in create_profile_from_target
    self.create_profile_from_profile_template(profile_template, profile_name)
  File "/home/vscode/.local/lib/python3.10/site-packages/dbt/task/init.py", line 164, in create_profile_from_profile_template
    target = self.generate_target_from_input(prompts, initial_target)
  File "/home/vscode/.local/lib/python3.10/site-packages/dbt/task/init.py", line 130, in generate_target_from_input
    target[key] = click.prompt(
  File "/home/vscode/.local/lib/python3.10/site-packages/click/termui.py", line 166, in prompt
    value = prompt_func(prompt)
  File "/home/vscode/.local/lib/python3.10/site-packages/click/termui.py", line 149, in prompt_func
    raise Abort() from None
click.exceptions.Abort



============================== 2023-04-06 15:07:11.403189 | 4a491af8-de24-4049-b5e3-23e05a1fba1c ==============================
[0m15:07:11.403189 [info ] [MainThread]: Running with dbt=1.4.5
[0m15:07:11.407185 [debug] [MainThread]: running dbt with arguments {'write_json': True, 'use_colors': True, 'printer_width': 80, 'version_check': True, 'partial_parse': True, 'static_parser': True, 'profiles_dir': '/home/vscode/.dbt', 'send_anonymous_usage_stats': True, 'quiet': False, 'no_print': False, 'cache_selected_only': False, 'skip_profile_setup': False, 'which': 'init', 'indirect_selection': 'eager'}
[0m15:07:11.407489 [debug] [MainThread]: Tracking: tracking
[0m15:07:11.410467 [debug] [MainThread]: Sending event: {'category': 'dbt', 'action': 'invocation', 'label': 'start', 'context': [<snowplow_tracker.self_describing_json.SelfDescribingJson object at 0x7ff6bdda3f10>, <snowplow_tracker.self_describing_json.SelfDescribingJson object at 0x7ff6bddfb220>, <snowplow_tracker.self_describing_json.SelfDescribingJson object at 0x7ff6bddfb310>]}
[0m15:07:41.351087 [debug] [MainThread]: Starter project path: /home/vscode/.local/lib/python3.10/site-packages/dbt/include/starter_project
[0m15:08:26.116285 [debug] [MainThread]: Sending event: {'category': 'dbt', 'action': 'invocation', 'label': 'end', 'context': [<snowplow_tracker.self_describing_json.SelfDescribingJson object at 0x7ff6bc1aa320>, <snowplow_tracker.self_describing_json.SelfDescribingJson object at 0x7ff6bc1a92d0>, <snowplow_tracker.self_describing_json.SelfDescribingJson object at 0x7ff6bc1a95a0>]}
[0m15:08:26.116995 [debug] [MainThread]: Flushing usage events
[0m15:08:26.596960 [error] [MainThread]: Encountered an error:

[0m15:08:26.613700 [error] [MainThread]: Traceback (most recent call last):
  File "/home/vscode/.local/lib/python3.10/site-packages/dbt/main.py", line 136, in main
    results, succeeded = handle_and_check(args)
  File "/home/vscode/.local/lib/python3.10/site-packages/dbt/main.py", line 206, in handle_and_check
    task, res = run_from_args(parsed)
  File "/home/vscode/.local/lib/python3.10/site-packages/dbt/main.py", line 253, in run_from_args
    results = task.run()
  File "/home/vscode/.local/lib/python3.10/site-packages/dbt/task/init.py", line 305, in run
    self.create_profile_from_target(adapter, profile_name=project_name)
  File "/home/vscode/.local/lib/python3.10/site-packages/dbt/task/init.py", line 180, in create_profile_from_target
    self.create_profile_from_profile_template(profile_template, profile_name)
  File "/home/vscode/.local/lib/python3.10/site-packages/dbt/task/init.py", line 164, in create_profile_from_profile_template
    target = self.generate_target_from_input(prompts, initial_target)
  File "/home/vscode/.local/lib/python3.10/site-packages/dbt/task/init.py", line 130, in generate_target_from_input
    target[key] = click.prompt(
  File "/home/vscode/.local/lib/python3.10/site-packages/click/termui.py", line 166, in prompt
    value = prompt_func(prompt)
  File "/home/vscode/.local/lib/python3.10/site-packages/click/termui.py", line 149, in prompt_func
    raise Abort() from None
click.exceptions.Abort



============================== 2023-04-06 15:08:38.166162 | 0a1e5df5-a7a0-4256-9962-3ca6df97cfd3 ==============================
[0m15:08:38.166162 [info ] [MainThread]: Running with dbt=1.4.5
[0m15:08:38.168103 [debug] [MainThread]: running dbt with arguments {'write_json': True, 'use_colors': True, 'printer_width': 80, 'version_check': True, 'partial_parse': True, 'static_parser': True, 'profiles_dir': '/home/vscode/.dbt', 'send_anonymous_usage_stats': True, 'quiet': False, 'no_print': False, 'cache_selected_only': False, 'skip_profile_setup': False, 'which': 'init', 'indirect_selection': 'eager'}
[0m15:08:38.168403 [debug] [MainThread]: Tracking: tracking
[0m15:08:38.173311 [debug] [MainThread]: Sending event: {'category': 'dbt', 'action': 'invocation', 'label': 'start', 'context': [<snowplow_tracker.self_describing_json.SelfDescribingJson object at 0x7f78fa397f10>, <snowplow_tracker.self_describing_json.SelfDescribingJson object at 0x7f78fa3f31f0>, <snowplow_tracker.self_describing_json.SelfDescribingJson object at 0x7f78fa3f3310>]}
[0m15:09:09.648404 [debug] [MainThread]: Starter project path: /home/vscode/.local/lib/python3.10/site-packages/dbt/include/starter_project
[0m15:10:01.022529 [info ] [MainThread]: Profile coffee_shop_adammedcalf written to /home/vscode/.dbt/profiles.yml using target's profile_template.yml and your supplied values. Run 'dbt debug' to validate the connection.
[0m15:10:01.023171 [info ] [MainThread]: 
Your new dbt project "coffee_shop_adammedcalf" was created!

For more information on how to configure the profiles.yml file,
please consult the dbt documentation here:

  https://docs.getdbt.com/docs/configure-your-profile

One more thing:

Need help? Don't hesitate to reach out to us via GitHub issues or on Slack:

  https://community.getdbt.com/

Happy modeling!

[0m15:10:01.023777 [debug] [MainThread]: Sending event: {'category': 'dbt', 'action': 'invocation', 'label': 'end', 'context': [<snowplow_tracker.self_describing_json.SelfDescribingJson object at 0x7f78fa3f3790>, <snowplow_tracker.self_describing_json.SelfDescribingJson object at 0x7f78f87fd7e0>, <snowplow_tracker.self_describing_json.SelfDescribingJson object at 0x7f78f87ff760>]}
[0m15:10:01.024158 [debug] [MainThread]: Flushing usage events


============================== 2023-04-12 16:51:51.647834 | 9a42223d-7d80-45ad-a30b-5b1f1cdf26e3 ==============================
[0m16:51:51.647834 [info ] [MainThread]: Running with dbt=1.4.5
[0m16:51:51.649646 [debug] [MainThread]: running dbt with arguments {'write_json': True, 'use_colors': True, 'printer_width': 80, 'version_check': True, 'partial_parse': True, 'static_parser': True, 'profiles_dir': '/home/vscode/.dbt', 'send_anonymous_usage_stats': True, 'quiet': False, 'no_print': False, 'cache_selected_only': False, 'skip_profile_setup': False, 'which': 'init', 'indirect_selection': 'eager'}
[0m16:51:51.650032 [debug] [MainThread]: Tracking: tracking
[0m16:51:51.653958 [debug] [MainThread]: Sending event: {'category': 'dbt', 'action': 'invocation', 'label': 'start', 'context': [<snowplow_tracker.self_describing_json.SelfDescribingJson object at 0x7f7554d77e80>, <snowplow_tracker.self_describing_json.SelfDescribingJson object at 0x7f7554d77280>, <snowplow_tracker.self_describing_json.SelfDescribingJson object at 0x7f7554dcfaf0>]}
[0m16:51:51.655089 [info ] [MainThread]: Creating dbt configuration folder at /home/vscode/.dbt
[0m16:52:03.689236 [debug] [MainThread]: Starter project path: /home/vscode/.local/lib/python3.10/site-packages/dbt/include/starter_project
[0m16:52:34.503323 [info ] [MainThread]: Profile coffeeshop_adammedcalf written to /home/vscode/.dbt/profiles.yml using target's profile_template.yml and your supplied values. Run 'dbt debug' to validate the connection.
[0m16:52:34.504387 [info ] [MainThread]: 
Your new dbt project "coffeeshop_adammedcalf" was created!

For more information on how to configure the profiles.yml file,
please consult the dbt documentation here:

  https://docs.getdbt.com/docs/configure-your-profile

One more thing:

Need help? Don't hesitate to reach out to us via GitHub issues or on Slack:

  https://community.getdbt.com/

Happy modeling!

[0m16:52:34.505202 [debug] [MainThread]: Sending event: {'category': 'dbt', 'action': 'invocation', 'label': 'end', 'context': [<snowplow_tracker.self_describing_json.SelfDescribingJson object at 0x7f7554dcfbe0>, <snowplow_tracker.self_describing_json.SelfDescribingJson object at 0x7f7552eefa90>, <snowplow_tracker.self_describing_json.SelfDescribingJson object at 0x7f7552eec1c0>]}
[0m16:52:34.505794 [debug] [MainThread]: Flushing usage events


============================== 2023-04-12 16:54:22.479465 | 0ec0c960-a1b8-4357-a4f0-594e5bdb1c77 ==============================
[0m16:54:22.479465 [info ] [MainThread]: Running with dbt=1.4.5
[0m16:54:22.481216 [debug] [MainThread]: running dbt with arguments {'write_json': True, 'use_colors': True, 'printer_width': 80, 'version_check': True, 'partial_parse': True, 'static_parser': True, 'profiles_dir': '/home/vscode/.dbt', 'send_anonymous_usage_stats': True, 'quiet': False, 'no_print': False, 'cache_selected_only': False, 'skip_profile_setup': False, 'which': 'init', 'indirect_selection': 'eager'}
[0m16:54:22.481584 [debug] [MainThread]: Tracking: tracking
[0m16:54:22.486726 [debug] [MainThread]: Sending event: {'category': 'dbt', 'action': 'invocation', 'label': 'start', 'context': [<snowplow_tracker.self_describing_json.SelfDescribingJson object at 0x7fab88583f10>, <snowplow_tracker.self_describing_json.SelfDescribingJson object at 0x7fab88107220>, <snowplow_tracker.self_describing_json.SelfDescribingJson object at 0x7fab88107310>]}
[0m16:54:31.491648 [info ] [MainThread]: A project called coffee_shop_adammedcalf already exists here.
[0m16:54:31.492701 [debug] [MainThread]: Sending event: {'category': 'dbt', 'action': 'invocation', 'label': 'end', 'context': [<snowplow_tracker.self_describing_json.SelfDescribingJson object at 0x7fab885834c0>, <snowplow_tracker.self_describing_json.SelfDescribingJson object at 0x7fab88106e90>, <snowplow_tracker.self_describing_json.SelfDescribingJson object at 0x7fab88107130>]}
[0m16:54:31.493556 [debug] [MainThread]: Flushing usage events
